300 30000.00 51.78273
301 30100.00 52.93039
302 30200.00 54.03518
303 30300.00 55.09674
304 30400.00 56.11469
305 30500.00 57.08868
306 30600.00 58.01834
307 30700.00 58.90334
308 30800.00 59.74332
309 30900.00 60.53793
310 31000.00 61.28683
311 31100.00 61.98965
312 31200.00 62.64606
313 31300.00 63.25570
314 31400.00 63.81821
315 31500.00 64.33322
316 31600.00 64.80037
317 31700.00 65.21928
318 31800.00 65.58957
319 31900.00 65.91086
320 32000.00 66.18274
321 32100.00 66.40482
322 32200.00 66.57667
323 32300.00 66.69787
324 32400.00 66.76800
325 32500.00 66.78659
326 32600.00 66.75321
327 32700.00 66.66738
328 32800.00 66.52863
329 32900.00 66.33647
330 33000.00 66.09039
331 33100.00 65.78988
332 33200.00 65.43442
333 33300.00 65.02347
334 33400.00 64.55648
335 33500.00 64.03288
336 33600.00 63.45211
337 33700.00 62.81359
338 33800.00 62.11671
339 33900.00 61.36087
340 34000.00 60.54547
341 34100.00 59.66987
342 34200.00 58.73347
343 34300.00 57.73562
344 34400.00 56.67570
345 34500.00 55.55308
346 34600.00 54.36715
347 34700.00 53.11728
348 34800.00 51.80288
349 34900.00 50.42339
350 35000.00 48.97823
351 35100.00 47.46692
352 35200.00 45.88897
353 35300.00 44.24399
354 35400.00 42.53165
355 35500.00 40.75169
356 35600.00 38.90399
357 35700.00 36.98854
358 35800.00 35.00550
359 35900.00 32.95521
360 36000.00 30.83827
361 36100.00 28.65551
362 36200.00 26.40812
363 36300.00 24.09766
364 36400.00 21.72616
365 36500.00 19.29617
366 36600.00 16.81088
367 36700.00 14.27423
368 36800.00 11.69100
369 36900.00 9.06699
370 37000.00 6.40912
371 37100.00 3.72563
372 37200.00 1.02621
373 37300.00 -1.67782
374 37400.00 -4.37334
375 37500.00 -7.04538
376 37600.00 -9.67698
377 37700.00 -12.24925
378 37800.00 -14.74150
379 37900.00 -17.13147
380 38000.00 -19.39582
381 38100.00 -21.51068
382 38200.00 -23.45253
383 38300.00 -25.19901
384 38400.00 -26.73001
385 38500.00 -28.02857
386 38600.00 -29.08174
387 38700.00 -29.88115
388 38800.00 -30.42327
389 38900.00 -30.70940
390 39000.00 -30.74529
391 39100.00 -30.54055
392 39200.00 -30.10789
393 39300.00 -29.46228
394 39400.00 -28.62024
395 39500.00 -27.59904
396 39600.00 -26.41613
397 39700.00 -25.08870
398 39800.00 -23.63328
399 39900.00 -22.06553
400 40000.00 -20.40010
401 40100.00 -18.65052
402 40200.00 -16.82921
403 40300.00 -14.94750
404 40400.00 -13.01566
405 40500.00 -11.04297
406 40600.00 -9.03780
407 40700.00 -7.00766
408 40800.00 -4.95931
409 40900.00 -2.89880
410 41000.00 -0.83157
411 41100.00 1.23751
412 41200.00 3.30407
413 41300.00 5.36421
414 41400.00 7.41439
415 41500.00 9.45146
416 41600.00 11.47258
417 41700.00 13.47519
418 41800.00 15.45698
419 41900.00 17.41588
420 42000.00 19.34999
421 42100.00 21.25761
422 42200.00 23.13721
423 42300.00 24.98736
424 42400.00 26.80681
425 42500.00 28.59437
426 42600.00 30.34899
427 42700.00 32.06968
428 42800.00 33.75555
429 42900.00 35.40577
430 43000.00 37.01957
431 43100.00 38.59625
432 43200.00 40.13516
433 43300.00 41.63566
434 43400.00 43.09720
435 43500.00 44.51923
436 43600.00 45.90124
437 43700.00 47.24275
438 43800.00 48.54330
439 43900.00 49.80244
440 44000.00 51.01977
441 44100.00 52.19488
442 44200.00 53.32736
443 44300.00 54.41686
444 44400.00 55.46298
445 44500.00 56.46537
446 44600.00 57.42367
447 44700.00 58.33753
448 44800.00 59.20659
449 44900.00 60.03051
450 45000.00 60.80894
451 45100.00 61.54152
452 45200.00 62.22792
453 45300.00 62.86777
454 45400.00 63.46073
455 45500.00 64.00642
456 45600.00 64.50449
457 45700.00 64.95456
458 45800.00 65.35627
459 45900.00 65.70922
460 46000.00 66.01302
461 46100.00 66.26727
462 46200.00 66.47157
463 46300.00 66.62550
464 46400.00 66.72863
465 46500.00 66.78052
466 46600.00 66.78072
467 46700.00 66.72878
468 46800.00 66.62423
469 46900.00 66.46658
470 47000.00 66.25534
471 47100.00 65.99000
472 47200.00 65.67006
473 47300.00 65.29497
474 47400.00 64.86419
475 47500.00 64.37718
476 47600.00 63.83336
477 47700.00 63.23217
478 47800.00 62.57300
479 47900.00 61.85527
480 48000.00 61.07836
481 48100.00 60.24167
482 48200.00 59.34457
483 48300.00 58.38643
484 48400.00 57.36663
485 48500.00 56.28453
486 48600.00 55.13952
487 48700.00 53.93097
488 48800.00 52.65827
489 48900.00 51.32083
490 49000.00 49.91810
491 49100.00 48.44952
492 49200.00 46.91461
493 49300.00 45.31292
494 49400.00 43.64407
495 49500.00 41.90776
496 49600.00 40.10377
497 49700.00 38.23202
498 49800.00 36.29255
499 49900.00 34.28560
500 50000.00 32.21158
501 50100.00 30.07117
502 50200.00 27.86532
503 50300.00 25.59535
504 50400.00 23.26297
505 50500.00 20.87039
506 50600.00 18.42037
507 50700.00 15.91637
508 50800.00 13.36259
509 50900.00 10.76417
510 51000.00 8.12729
511 51100.00 5.45931
512 51200.00 2.76898
513 51300.00 0.06654
514 51400.00 -2.63607
515 51500.00 -5.32507
516 51600.00 -7.98480
517 51700.00 -10.59761
518 51800.00 -13.14394
519 51900.00 -15.60251
520 52000.00 -17.95061
521 52100.00 -20.16465
522 52200.00 -22.22077
523 52300.00 -24.09575
524 52400.00 -25.76792
525 52500.00 -27.21819
526 52600.00 -28.43093
527 52700.00 -29.39476
528 52800.00 -30.10301
529 52900.00 -30.55390
530 53000.00 -30.75036
531 53100.00 -30.69959
532 53200.00 -30.41237
533 53300.00 -29.90233
534 53400.00 -29.18508
535 53500.00 -28.27746
536 53600.00 -27.19688
537 53700.00 -25.96075
538 53800.00 -24.58604
539 53900.00 -23.08902
540 54000.00 -21.48499
541 54100.00 -19.78820
542 54200.00 -18.01181
543 54300.00 -16.16782
544 54400.00 -14.26720
545 54500.00 -12.31985
546 54600.00 -10.33473
547 54700.00 -8.31987
548 54800.00 -6.28254
549 54900.00 -4.22921
550 55000.00 -2.16573
551 55100.00 -0.09731
552 55200.00 1.97135
553 55300.00 4.03606
554 55400.00 6.09305
555 55500.00 8.13893
556 55600.00 10.17065
557 55700.00 12.18548
558 55800.00 14.18095
559 55900.00 16.15484
560 56000.00 18.10515
561 56100.00 20.03005
562 56200.00 21.92789
563 56300.00 23.79720
564 56400.00 25.63659
565 56500.00 27.44485
566 56600.00 29.22084
567 56700.00 30.96353
568 56800.00 32.67196
569 56900.00 34.34527
570 57000.00 35.98265
571 57100.00 37.58336
572 57200.00 39.14671
573 57300.00 40.67206
574 57400.00 42.15880
575 57500.00 43.60638
576 57600.00 45.01426
577 57700.00 46.38195
578 57800.00 47.70898
579 57900.00 48.99488
580 58000.00 50.23924
581 58100.00 51.44163
582 58200.00 52.60165
583 58300.00 53.71892
584 58400.00 54.79307
585 58500.00 55.82371
586 58600.00 56.81050
587 58700.00 57.75307
588 58800.00 58.65107
589 58900.00 59.50415
590 59000.00 60.31197
591 59100.00 61.07417
592 59200.00 61.79041
593 59300.00 62.46033
594 59400.00 63.08358
595 59500.00 63.65980
596 59600.00 64.18864
597 59700.00 64.66972
598 59800.00 65.10267
599 59900.00 65.48712
600 60000.00 65.82267
601 60100.00 66.10894
602 60200.00 66.34551
603 60300.00 66.53198
604 60400.00 66.66793
605 60500.00 66.75293
606 60600.00 66.78653
607 60700.00 66.76828
608 60800.00 66.69773
609 60900.00 66.57439
610 61000.00 66.39778
611 61100.00 66.16740
612 61200.00 65.88275
613 61300.00 65.54329
614 61400.00 65.14850
615 61500.00 64.69784
616 61600.00 64.19073
617 61700.00 63.62662
618 61800.00 63.00492
619 61900.00 62.32504
620 62000.00 61.58638
621 62100.00 60.78833
622 62200.00 59.93027
623 62300.00 59.01158
624 62400.00 58.03163
625 62500.00 56.98980
626 62600.00 55.88544
627 62700.00 54.71795
628 62800.00 53.48671
629 62900.00 52.19110
630 63000.00 50.83056
631 63100.00 49.40452
632 63200.00 47.91246
633 63300.00 46.35390
634 63400.00 44.72842
635 63500.00 43.03566
636 63600.00 41.27534
637 63700.00 39.44731
638 63800.00 37.55152
639 63900.00 35.58807
640 64000.00 33.55726
641 64100.00 31.45958
642 64200.00 29.29582
643 64300.00 27.06705
644 64400.00 24.77472
645 64500.00 22.42069
646 64600.00 20.00738
647 64700.00 17.53777
648 64800.00 15.01558
649 64900.00 12.44533
650 65000.00 9.83249
651 65100.00 7.18366
652 65200.00 4.50668
653 65300.00 1.81079
654 65400.00 -0.89317
655 65500.00 -3.59262
656 65600.00 -6.27313
657 65700.00 -8.91833
658 65800.00 -11.50988
659 65900.00 -14.02758
660 66000.00 -16.44961
661 66100.00 -18.75287
662 66200.00 -20.91359
663 66300.00 -22.90803
664 66400.00 -24.71340
665 66500.00 -26.30886
666 66600.00 -27.67642
667 66700.00 -28.80190
668 66800.00 -29.67554
669 66900.00 -30.29242
670 67000.00 -30.65245
671 67100.00 -30.76015
672 67200.00 -30.62408
673 67300.00 -30.25611
674 67400.00 -29.67067
675 67500.00 -28.88389
676 67600.00 -27.91290
677 67700.00 -26.77514
678 67800.00 -25.48792
679 67900.00 -24.06800
680 68000.00 -22.53130
681 68100.00 -20.89278
682 68200.00 -19.16629
683 68300.00 -17.36459
684 68400.00 -15.49931
685 68500.00 -13.58103
686 68600.00 -11.61930
687 68700.00 -9.62274
688 68800.00 -7.59912
689 68900.00 -5.55540
690 69000.00 -3.49784
691 69100.00 -1.43204
692 69200.00 0.63698
693 69300.00 2.70470
694 69400.00 4.76708
695 69500.00 6.82049
696 69600.00 8.86168
697 69700.00 10.88770
698 69800.00 12.89593
699 69900.00 14.88399
